<?xml version="1.0" encoding="UTF-8"?>
<!-- Generated by org.testng.reporters.JUnitReportReporter -->
<testsuite skipped="0" hostname="LP-5CD6518TRT" name="ReadDataFromExternalFiles.ReadFromPropertiesFile" tests="1" failures="0" timestamp="14 Jul 2018 07:19:20 GMT" time="0.021" errors="0">
  <testcase name="read" time="0.021" classname="ReadDataFromExternalFiles.ReadFromPropertiesFile"/>
</testsuite> <!-- ReadDataFromExternalFiles.ReadFromPropertiesFile -->
