<?xml version="1.0" encoding="UTF-8"?>
<!-- Generated by org.testng.reporters.JUnitReportReporter -->
<testsuite skipped="0" hostname="LP-5CD6518TRT" name="uiActions.TestDatePicker" tests="1" failures="0" timestamp="14 Jul 2018 04:54:55 GMT" time="1.151" errors="0">
  <testcase name="selectDate" time="1.151" classname="uiActions.TestDatePicker"/>
</testsuite> <!-- uiActions.TestDatePicker -->
