<?xml version="1.0" encoding="UTF-8"?>
<!-- Generated by org.testng.reporters.JUnitReportReporter -->
<testsuite skipped="0" hostname="LP-5CD6518TRT" name="uiActions.ScreenShot" tests="2" failures="0" timestamp="14 Jul 2018 06:37:13 GMT" time="0.748" errors="0">
  <testcase name="verifyUrl" time="0.373" classname="uiActions.ScreenShot"/>
  <testcase name="VerifyTitle" time="0.375" classname="uiActions.ScreenShot"/>
</testsuite> <!-- uiActions.ScreenShot -->
