<?xml version="1.0" encoding="UTF-8"?>
<!-- Generated by org.testng.reporters.JUnitReportReporter -->
<testsuite skipped="0" hostname="LP-5CD6518TRT" name="testFileUploadDownload.TestFileDownload" tests="1" failures="0" timestamp="05 Jun 2018 09:23:26 GMT" time="37.803" errors="0">
  <testcase name="fileDownload" time="37.803" classname="testFileUploadDownload.TestFileDownload"/>
</testsuite> <!-- testFileUploadDownload.TestFileDownload -->
