<?xml version="1.0" encoding="UTF-8"?>
<!-- Generated by org.testng.reporters.JUnitReportReporter -->
<testsuite skipped="0" hostname="LP-5CD6518TRT" name="uiActions.DatePickerMMT" tests="1" failures="0" timestamp="14 Jul 2018 05:09:44 GMT" time="1.066" errors="0">
  <testcase name="selectDate" time="1.066" classname="uiActions.DatePickerMMT"/>
</testsuite> <!-- uiActions.DatePickerMMT -->
